2022-04-22 10:08:06.902  INFO 8012 --- [restartedMain] com.z9devs.SpringBootCrudApplication     : Starting SpringBootCrudApplication using Java 16.0.1 on LAPTOP-9FR5C8S4 with PID 8012 (C:\Users\tomas\Desktop\Java prove\SpringBootCRUD\target\classes started by tomas in C:\Users\tomas\Desktop\Java prove\SpringBootCRUD)
2022-04-22 10:08:06.902  INFO 8012 --- [restartedMain] com.z9devs.SpringBootCrudApplication     : No active profile set, falling back to 1 default profile: "default"
2022-04-22 10:08:07.079  INFO 8012 --- [restartedMain] .s.d.r.c.RepositoryConfigurationDelegate : Bootstrapping Spring Data JPA repositories in DEFAULT mode.
2022-04-22 10:08:07.098  INFO 8012 --- [restartedMain] .s.d.r.c.RepositoryConfigurationDelegate : Finished Spring Data repository scanning in 18 ms. Found 3 JPA repository interfaces.
2022-04-22 10:08:07.331  INFO 8012 --- [restartedMain] o.s.b.w.embedded.tomcat.TomcatWebServer  : Tomcat initialized with port(s): 8080 (http)
2022-04-22 10:08:07.331  INFO 8012 --- [restartedMain] o.apache.catalina.core.StandardService   : Starting service [Tomcat]
2022-04-22 10:08:07.331  INFO 8012 --- [restartedMain] org.apache.catalina.core.StandardEngine  : Starting Servlet engine: [Apache Tomcat/9.0.60]
2022-04-22 10:08:07.422  INFO 8012 --- [restartedMain] org.apache.jasper.servlet.TldScanner     : At least one JAR was scanned for TLDs yet contained no TLDs. Enable debug logging for this logger for a complete list of JARs that were scanned but no TLDs were found in them. Skipping unneeded JARs during scanning can improve startup time and JSP compilation time.
2022-04-22 10:08:07.425  INFO 8012 --- [restartedMain] o.a.c.c.C.[Tomcat].[localhost].[/]       : Initializing Spring embedded WebApplicationContext
2022-04-22 10:08:07.425  INFO 8012 --- [restartedMain] w.s.c.ServletWebServerApplicationContext : Root WebApplicationContext: initialization completed in 520 ms
2022-04-22 10:08:07.456  INFO 8012 --- [restartedMain] o.hibernate.jpa.internal.util.LogHelper  : HHH000204: Processing PersistenceUnitInfo [name: default]
2022-04-22 10:08:07.465  INFO 8012 --- [restartedMain] com.zaxxer.hikari.HikariDataSource       : HikariPool-2 - Starting...
2022-04-22 10:08:07.487  INFO 8012 --- [restartedMain] com.zaxxer.hikari.HikariDataSource       : HikariPool-2 - Start completed.
2022-04-22 10:08:07.490  INFO 8012 --- [restartedMain] org.hibernate.dialect.Dialect            : HHH000400: Using dialect: org.hibernate.dialect.MySQL8Dialect
2022-04-22 10:08:07.585  INFO 8012 --- [restartedMain] o.h.e.t.j.p.i.JtaPlatformInitiator       : HHH000490: Using JtaPlatform implementation: [org.hibernate.engine.transaction.jta.platform.internal.NoJtaPlatform]
2022-04-22 10:08:07.586  INFO 8012 --- [restartedMain] j.LocalContainerEntityManagerFactoryBean : Initialized JPA EntityManagerFactory for persistence unit 'default'
2022-04-22 10:08:07.602  WARN 8012 --- [restartedMain] JpaBaseConfiguration$JpaWebConfiguration : spring.jpa.open-in-view is enabled by default. Therefore, database queries may be performed during view rendering. Explicitly configure spring.jpa.open-in-view to disable this warning
2022-04-22 10:08:07.725  INFO 8012 --- [restartedMain] o.s.s.web.DefaultSecurityFilterChain     : Will not secure any request
2022-04-22 10:08:07.775  INFO 8012 --- [restartedMain] o.s.b.a.w.s.WelcomePageHandlerMapping    : Adding welcome page template: index
2022-04-22 10:08:07.804  INFO 8012 --- [restartedMain] o.s.b.d.a.OptionalLiveReloadServer       : LiveReload server is running on port 35729
2022-04-22 10:08:07.823  INFO 8012 --- [restartedMain] o.s.b.w.embedded.tomcat.TomcatWebServer  : Tomcat started on port(s): 8080 (http) with context path ''
2022-04-22 10:08:07.830  INFO 8012 --- [restartedMain] com.z9devs.SpringBootCrudApplication     : Started SpringBootCrudApplication in 1.007 seconds (JVM running for 58132.033)
2022-04-22 10:08:07.832  INFO 8012 --- [restartedMain] .ConditionEvaluationDeltaLoggingListener : Condition evaluation unchanged
2022-04-22 10:08:13.238  INFO 8012 --- [RMI TCP Connection(193)-127.0.0.1] inMXBeanRegistrar$SpringApplicationAdmin : Application shutdown requested.
2022-04-22 10:08:13.287  INFO 8012 --- [RMI TCP Connection(193)-127.0.0.1] j.LocalContainerEntityManagerFactoryBean : Closing JPA EntityManagerFactory for persistence unit 'default'
2022-04-22 10:08:13.288  INFO 8012 --- [RMI TCP Connection(193)-127.0.0.1] com.zaxxer.hikari.HikariDataSource       : HikariPool-2 - Shutdown initiated...
2022-04-22 10:08:13.293  INFO 8012 --- [RMI TCP Connection(193)-127.0.0.1] com.zaxxer.hikari.HikariDataSource       : HikariPool-2 - Shutdown completed.
2022-04-22 10:18:50.377  INFO 8384 --- [restartedMain] com.z9devs.SpringBootCrudApplication     : Starting SpringBootCrudApplication using Java 16.0.1 on LAPTOP-9FR5C8S4 with PID 8384 (C:\Users\tomas\Desktop\Java prove\SpringBootCRUD\target\classes started by tomas in C:\Users\tomas\Desktop\Java prove\SpringBootCRUD)
2022-04-22 10:18:50.379  INFO 8384 --- [restartedMain] com.z9devs.SpringBootCrudApplication     : No active profile set, falling back to 1 default profile: "default"
2022-04-22 10:18:50.430  INFO 8384 --- [restartedMain] .e.DevToolsPropertyDefaultsPostProcessor : Devtools property defaults active! Set 'spring.devtools.add-properties' to 'false' to disable
2022-04-22 10:18:50.430  INFO 8384 --- [restartedMain] .e.DevToolsPropertyDefaultsPostProcessor : For additional web related logging consider setting the 'logging.level.web' property to 'DEBUG'
2022-04-22 10:18:51.009  INFO 8384 --- [restartedMain] .s.d.r.c.RepositoryConfigurationDelegate : Bootstrapping Spring Data JPA repositories in DEFAULT mode.
2022-04-22 10:18:51.071  INFO 8384 --- [restartedMain] .s.d.r.c.RepositoryConfigurationDelegate : Finished Spring Data repository scanning in 53 ms. Found 3 JPA repository interfaces.
2022-04-22 10:18:51.811  INFO 8384 --- [restartedMain] o.s.b.w.embedded.tomcat.TomcatWebServer  : Tomcat initialized with port(s): 8080 (http)
2022-04-22 10:18:51.821  INFO 8384 --- [restartedMain] o.apache.catalina.core.StandardService   : Starting service [Tomcat]
2022-04-22 10:18:51.821  INFO 8384 --- [restartedMain] org.apache.catalina.core.StandardEngine  : Starting Servlet engine: [Apache Tomcat/9.0.60]
2022-04-22 10:18:52.084  INFO 8384 --- [restartedMain] org.apache.jasper.servlet.TldScanner     : At least one JAR was scanned for TLDs yet contained no TLDs. Enable debug logging for this logger for a complete list of JARs that were scanned but no TLDs were found in them. Skipping unneeded JARs during scanning can improve startup time and JSP compilation time.
2022-04-22 10:18:52.096  INFO 8384 --- [restartedMain] o.a.c.c.C.[Tomcat].[localhost].[/]       : Initializing Spring embedded WebApplicationContext
2022-04-22 10:18:52.096  INFO 8384 --- [restartedMain] w.s.c.ServletWebServerApplicationContext : Root WebApplicationContext: initialization completed in 1665 ms
2022-04-22 10:18:52.265  INFO 8384 --- [restartedMain] o.hibernate.jpa.internal.util.LogHelper  : HHH000204: Processing PersistenceUnitInfo [name: default]
2022-04-22 10:18:52.340  INFO 8384 --- [restartedMain] org.hibernate.Version                    : HHH000412: Hibernate ORM core version 5.6.7.Final
2022-04-22 10:18:52.538  INFO 8384 --- [restartedMain] o.hibernate.annotations.common.Version   : HCANN000001: Hibernate Commons Annotations {5.1.2.Final}
2022-04-22 10:18:52.642  INFO 8384 --- [restartedMain] com.zaxxer.hikari.HikariDataSource       : HikariPool-1 - Starting...
2022-04-22 10:18:53.035  INFO 8384 --- [restartedMain] com.zaxxer.hikari.HikariDataSource       : HikariPool-1 - Start completed.
2022-04-22 10:18:53.083  INFO 8384 --- [restartedMain] org.hibernate.dialect.Dialect            : HHH000400: Using dialect: org.hibernate.dialect.MySQL8Dialect
2022-04-22 10:18:53.802  INFO 8384 --- [restartedMain] o.h.e.t.j.p.i.JtaPlatformInitiator       : HHH000490: Using JtaPlatform implementation: [org.hibernate.engine.transaction.jta.platform.internal.NoJtaPlatform]
2022-04-22 10:18:53.810  INFO 8384 --- [restartedMain] j.LocalContainerEntityManagerFactoryBean : Initialized JPA EntityManagerFactory for persistence unit 'default'
2022-04-22 10:18:53.855  WARN 8384 --- [restartedMain] JpaBaseConfiguration$JpaWebConfiguration : spring.jpa.open-in-view is enabled by default. Therefore, database queries may be performed during view rendering. Explicitly configure spring.jpa.open-in-view to disable this warning
2022-04-22 10:18:54.396  INFO 8384 --- [restartedMain] o.s.s.web.DefaultSecurityFilterChain     : Will not secure any request
2022-04-22 10:18:54.554  INFO 8384 --- [restartedMain] o.s.b.a.w.s.WelcomePageHandlerMapping    : Adding welcome page template: index
2022-04-22 10:18:54.644  INFO 8384 --- [restartedMain] o.s.b.d.a.OptionalLiveReloadServer       : LiveReload server is running on port 35729
2022-04-22 10:18:54.682  INFO 8384 --- [restartedMain] o.s.b.w.embedded.tomcat.TomcatWebServer  : Tomcat started on port(s): 8080 (http) with context path ''
2022-04-22 10:18:54.688  INFO 8384 --- [restartedMain] com.z9devs.SpringBootCrudApplication     : Started SpringBootCrudApplication in 4.642 seconds (JVM running for 5.314)
2022-04-22 10:18:54.886  INFO 8384 --- [http-nio-8080-exec-1] o.a.c.c.C.[Tomcat].[localhost].[/]       : Initializing Spring DispatcherServlet 'dispatcherServlet'
2022-04-22 10:18:54.886  INFO 8384 --- [http-nio-8080-exec-1] o.s.web.servlet.DispatcherServlet        : Initializing Servlet 'dispatcherServlet'
2022-04-22 10:18:54.887  INFO 8384 --- [http-nio-8080-exec-1] o.s.web.servlet.DispatcherServlet        : Completed initialization in 1 ms
2022-04-22 10:21:12.717  INFO 8384 --- [http-nio-8080-exec-7] c.z9devs.controllersimpl.HomeController  : This is an info message
2022-04-22 10:21:12.717  WARN 8384 --- [http-nio-8080-exec-7] c.z9devs.controllersimpl.HomeController  : This is a warn message
2022-04-22 10:21:12.717 ERROR 8384 --- [http-nio-8080-exec-7] c.z9devs.controllersimpl.HomeController  : This is an error message
2022-04-22 10:21:49.481  INFO 8384 --- [Thread-5] j.LocalContainerEntityManagerFactoryBean : Closing JPA EntityManagerFactory for persistence unit 'default'
2022-04-22 10:21:49.483  INFO 8384 --- [Thread-5] com.zaxxer.hikari.HikariDataSource       : HikariPool-1 - Shutdown initiated...
2022-04-22 10:21:49.489  INFO 8384 --- [Thread-5] com.zaxxer.hikari.HikariDataSource       : HikariPool-1 - Shutdown completed.
2022-04-22 10:21:49.564  INFO 8384 --- [restartedMain] com.z9devs.SpringBootCrudApplication     : Starting SpringBootCrudApplication using Java 16.0.1 on LAPTOP-9FR5C8S4 with PID 8384 (C:\Users\tomas\Desktop\Java prove\SpringBootCRUD\target\classes started by tomas in C:\Users\tomas\Desktop\Java prove\SpringBootCRUD)
2022-04-22 10:21:49.564  INFO 8384 --- [restartedMain] com.z9devs.SpringBootCrudApplication     : No active profile set, falling back to 1 default profile: "default"
2022-04-22 10:21:49.715  INFO 8384 --- [restartedMain] .s.d.r.c.RepositoryConfigurationDelegate : Bootstrapping Spring Data JPA repositories in DEFAULT mode.
2022-04-22 10:21:49.733  INFO 8384 --- [restartedMain] .s.d.r.c.RepositoryConfigurationDelegate : Finished Spring Data repository scanning in 17 ms. Found 3 JPA repository interfaces.
2022-04-22 10:21:49.804  INFO 8384 --- [restartedMain] o.s.b.w.embedded.tomcat.TomcatWebServer  : Tomcat initialized with port(s): 8080 (http)
2022-04-22 10:21:49.805  INFO 8384 --- [restartedMain] o.apache.catalina.core.StandardService   : Starting service [Tomcat]
2022-04-22 10:21:49.805  INFO 8384 --- [restartedMain] org.apache.catalina.core.StandardEngine  : Starting Servlet engine: [Apache Tomcat/9.0.60]
2022-04-22 10:21:49.891  INFO 8384 --- [restartedMain] org.apache.jasper.servlet.TldScanner     : At least one JAR was scanned for TLDs yet contained no TLDs. Enable debug logging for this logger for a complete list of JARs that were scanned but no TLDs were found in them. Skipping unneeded JARs during scanning can improve startup time and JSP compilation time.
2022-04-22 10:21:49.894  INFO 8384 --- [restartedMain] o.a.c.c.C.[Tomcat].[localhost].[/]       : Initializing Spring embedded WebApplicationContext
2022-04-22 10:21:49.895  INFO 8384 --- [restartedMain] w.s.c.ServletWebServerApplicationContext : Root WebApplicationContext: initialization completed in 329 ms
2022-04-22 10:21:49.905  WARN 8384 --- [restartedMain] o.a.c.c.C.[Tomcat].[localhost].[/]       : Cannot deserialize session attribute [SPRING_SECURITY_CONTEXT] for session [635F3961424B2005C93EAA6A483C3B42]
2022-04-22 10:21:49.927  INFO 8384 --- [restartedMain] o.hibernate.jpa.internal.util.LogHelper  : HHH000204: Processing PersistenceUnitInfo [name: default]
2022-04-22 10:21:49.931  INFO 8384 --- [restartedMain] com.zaxxer.hikari.HikariDataSource       : HikariPool-2 - Starting...
2022-04-22 10:21:49.950  INFO 8384 --- [restartedMain] com.zaxxer.hikari.HikariDataSource       : HikariPool-2 - Start completed.
2022-04-22 10:21:49.950  INFO 8384 --- [restartedMain] org.hibernate.dialect.Dialect            : HHH000400: Using dialect: org.hibernate.dialect.MySQL8Dialect
2022-04-22 10:21:50.000  INFO 8384 --- [restartedMain] o.h.e.t.j.p.i.JtaPlatformInitiator       : HHH000490: Using JtaPlatform implementation: [org.hibernate.engine.transaction.jta.platform.internal.NoJtaPlatform]
2022-04-22 10:21:50.000  INFO 8384 --- [restartedMain] j.LocalContainerEntityManagerFactoryBean : Initialized JPA EntityManagerFactory for persistence unit 'default'
2022-04-22 10:21:50.013  WARN 8384 --- [restartedMain] JpaBaseConfiguration$JpaWebConfiguration : spring.jpa.open-in-view is enabled by default. Therefore, database queries may be performed during view rendering. Explicitly configure spring.jpa.open-in-view to disable this warning
2022-04-22 10:21:50.118  INFO 8384 --- [restartedMain] o.s.s.web.DefaultSecurityFilterChain     : Will not secure any request
2022-04-22 10:21:50.157  INFO 8384 --- [restartedMain] o.s.b.a.w.s.WelcomePageHandlerMapping    : Adding welcome page template: index
2022-04-22 10:21:50.183  INFO 8384 --- [restartedMain] o.s.b.d.a.OptionalLiveReloadServer       : LiveReload server is running on port 35729
2022-04-22 10:21:50.193  INFO 8384 --- [restartedMain] o.s.b.w.embedded.tomcat.TomcatWebServer  : Tomcat started on port(s): 8080 (http) with context path ''
2022-04-22 10:21:50.196  INFO 8384 --- [restartedMain] com.z9devs.SpringBootCrudApplication     : Started SpringBootCrudApplication in 0.655 seconds (JVM running for 180.821)
2022-04-22 10:21:50.198  INFO 8384 --- [restartedMain] .ConditionEvaluationDeltaLoggingListener : Condition evaluation unchanged
2022-04-22 10:22:23.363  INFO 8384 --- [Thread-7] j.LocalContainerEntityManagerFactoryBean : Closing JPA EntityManagerFactory for persistence unit 'default'
2022-04-22 10:22:23.364  INFO 8384 --- [Thread-7] com.zaxxer.hikari.HikariDataSource       : HikariPool-2 - Shutdown initiated...
2022-04-22 10:22:23.370  INFO 8384 --- [Thread-7] com.zaxxer.hikari.HikariDataSource       : HikariPool-2 - Shutdown completed.
